<?xml version="1.0" encoding="UTF-8"?>
<!-- Generated by org.testng.reporters.JUnitReportReporter -->
<testsuite hostname="HP" failures="0" tests="1" name="testcases.Logintestcases" time="17.995" errors="0" timestamp="03 Feb 2022 10:55:41 GMT" skipped="0">
  <testcase classname="testcases.Logintestcases" name="login" time="17.995"/>
</testsuite> <!-- testcases.Logintestcases -->
