<?xml version="1.0" encoding="UTF-8"?>
<!-- Generated by org.testng.reporters.JUnitReportReporter -->
<testsuite hostname="HP" failures="0" tests="1" name="testcases.Logintestcases" time="29.437" errors="0" timestamp="02 Feb 2022 12:00:33 GMT" skipped="0">
  <testcase classname="testcases.Logintestcases" name="login" time="29.437"/>
</testsuite> <!-- testcases.Logintestcases -->
